<?xml version="1.0" encoding="UTF-8"?>
<testng-results ignored="0" total="4" passed="4" failed="0" skipped="0">
  <reporter-output>
  </reporter-output>
  <suite started-at="2023-04-10T17:36:51 IST" name="Suite" finished-at="2023-04-10T17:37:13 IST" duration-ms="21811">
    <groups>
    </groups>
    <test started-at="2023-04-10T17:36:51 IST" name="Test" finished-at="2023-04-10T17:37:13 IST" duration-ms="21811">
      <class name="tests.LoginTest">
        <test-method is-config="true" signature="launchApp()[pri:0, instance:tests.LoginTest@5d534f5d]" started-at="2023-04-10T17:36:51 IST" name="launchApp" finished-at="2023-04-10T17:36:56 IST" duration-ms="4723" status="PASS">
          <reporter-output>
          </reporter-output>
        </test-method> <!-- launchApp -->
        <test-method signature="verifyLogin()[pri:0, instance:tests.LoginTest@5d534f5d]" started-at="2023-04-10T17:36:56 IST" name="verifyLogin" finished-at="2023-04-10T17:37:08 IST" duration-ms="11740" status="PASS">
          <reporter-output>
          </reporter-output>
        </test-method> <!-- verifyLogin -->
        <test-method is-config="true" signature="closeApp()[pri:0, instance:tests.LoginTest@5d534f5d]" started-at="2023-04-10T17:37:08 IST" name="closeApp" finished-at="2023-04-10T17:37:13 IST" duration-ms="5283" status="PASS">
          <reporter-output>
          </reporter-output>
        </test-method> <!-- closeApp -->
      </class> <!-- tests.LoginTest -->
    </test> <!-- Test -->
  </suite> <!-- Suite -->
  <suite started-at="2023-04-10T17:37:13 IST" name="Suite (0)" finished-at="2023-04-10T17:38:30 IST" duration-ms="77019">
    <groups>
    </groups>
    <test started-at="2023-04-10T17:37:13 IST" name="ChromeTest" finished-at="2023-04-10T17:37:34 IST" duration-ms="20827">
      <class name="crossBrowserTest.NOPCommApp">
        <test-method is-config="true" signature="setup(java.lang.String,java.lang.String)[pri:0, instance:crossBrowserTest.NOPCommApp@449a4f23]" started-at="2023-04-10T17:37:13 IST" name="setup" finished-at="2023-04-10T17:37:17 IST" duration-ms="3452" status="PASS">
          <params>
            <param index="0">
              <value>
                <![CDATA[chrome]]>
              </value>
            </param>
            <param index="1">
              <value>
                <![CDATA[111]]>
              </value>
            </param>
          </params>
          <reporter-output>
          </reporter-output>
        </test-method> <!-- setup -->
        <test-method signature="verifyLoginTest()[pri:0, instance:crossBrowserTest.NOPCommApp@449a4f23]" started-at="2023-04-10T17:37:17 IST" name="verifyLoginTest" finished-at="2023-04-10T17:37:27 IST" duration-ms="10222" status="PASS">
          <reporter-output>
          </reporter-output>
        </test-method> <!-- verifyLoginTest -->
        <test-method is-config="true" signature="teardown()[pri:0, instance:crossBrowserTest.NOPCommApp@449a4f23]" started-at="2023-04-10T17:37:27 IST" name="teardown" finished-at="2023-04-10T17:37:34 IST" duration-ms="7150" status="PASS">
          <reporter-output>
          </reporter-output>
        </test-method> <!-- teardown -->
      </class> <!-- crossBrowserTest.NOPCommApp -->
    </test> <!-- ChromeTest -->
    <test started-at="2023-04-10T17:37:34 IST" name="EdgeTest" finished-at="2023-04-10T17:38:01 IST" duration-ms="27046">
      <class name="crossBrowserTest.NOPCommApp">
        <test-method is-config="true" signature="setup(java.lang.String,java.lang.String)[pri:0, instance:crossBrowserTest.NOPCommApp@78e4deb0]" started-at="2023-04-10T17:37:34 IST" name="setup" finished-at="2023-04-10T17:37:42 IST" duration-ms="7820" status="PASS">
          <params>
            <param index="0">
              <value>
                <![CDATA[edge]]>
              </value>
            </param>
            <param index="1">
              <value>
                <![CDATA[112]]>
              </value>
            </param>
          </params>
          <reporter-output>
          </reporter-output>
        </test-method> <!-- setup -->
        <test-method signature="verifyLoginTest()[pri:0, instance:crossBrowserTest.NOPCommApp@78e4deb0]" started-at="2023-04-10T17:37:42 IST" name="verifyLoginTest" finished-at="2023-04-10T17:37:54 IST" duration-ms="11830" status="PASS">
          <reporter-output>
          </reporter-output>
        </test-method> <!-- verifyLoginTest -->
        <test-method is-config="true" signature="teardown()[pri:0, instance:crossBrowserTest.NOPCommApp@78e4deb0]" started-at="2023-04-10T17:37:54 IST" name="teardown" finished-at="2023-04-10T17:38:01 IST" duration-ms="7393" status="PASS">
          <reporter-output>
          </reporter-output>
        </test-method> <!-- teardown -->
      </class> <!-- crossBrowserTest.NOPCommApp -->
    </test> <!-- EdgeTest -->
    <test started-at="2023-04-10T17:38:01 IST" name="FirefoxTest" finished-at="2023-04-10T17:38:30 IST" duration-ms="29134">
      <class name="crossBrowserTest.NOPCommApp">
        <test-method is-config="true" signature="setup(java.lang.String,java.lang.String)[pri:0, instance:crossBrowserTest.NOPCommApp@4b741d6d]" started-at="2023-04-10T17:38:01 IST" name="setup" finished-at="2023-04-10T17:38:11 IST" duration-ms="9641" status="PASS">
          <params>
            <param index="0">
              <value>
                <![CDATA[firefox]]>
              </value>
            </param>
            <param index="1">
              <value>
                <![CDATA[112]]>
              </value>
            </param>
          </params>
          <reporter-output>
          </reporter-output>
        </test-method> <!-- setup -->
        <test-method signature="verifyLoginTest()[pri:0, instance:crossBrowserTest.NOPCommApp@4b741d6d]" started-at="2023-04-10T17:38:11 IST" name="verifyLoginTest" finished-at="2023-04-10T17:38:22 IST" duration-ms="11395" status="PASS">
          <reporter-output>
          </reporter-output>
        </test-method> <!-- verifyLoginTest -->
        <test-method is-config="true" signature="teardown()[pri:0, instance:crossBrowserTest.NOPCommApp@4b741d6d]" started-at="2023-04-10T17:38:22 IST" name="teardown" finished-at="2023-04-10T17:38:30 IST" duration-ms="8095" status="PASS">
          <reporter-output>
          </reporter-output>
        </test-method> <!-- teardown -->
      </class> <!-- crossBrowserTest.NOPCommApp -->
    </test> <!-- FirefoxTest -->
  </suite> <!-- Suite (0) -->
</testng-results>
