<?xml version="1.0" encoding="UTF-8"?>
<testng-results ignored="0" total="1" passed="1" failed="0" skipped="0">
  <reporter-output>
  </reporter-output>
  <suite started-at="2023-04-11T16:59:42 IST" name="Default suite" finished-at="2023-04-11T16:59:42 IST" duration-ms="795">
    <groups>
    </groups>
    <test started-at="2023-04-11T16:59:42 IST" name="Default test" finished-at="2023-04-11T16:59:42 IST" duration-ms="795">
      <class name="pdfExample.ReadDataFromPDF2">
        <test-method signature="verifyPDFContent()[pri:0, instance:pdfExample.ReadDataFromPDF2@26e356f0]" started-at="2023-04-11T16:59:42 IST" name="verifyPDFContent" finished-at="2023-04-11T16:59:42 IST" duration-ms="638" status="PASS">
          <reporter-output>
          </reporter-output>
        </test-method> <!-- verifyPDFContent -->
      </class> <!-- pdfExample.ReadDataFromPDF2 -->
    </test> <!-- Default test -->
  </suite> <!-- Default suite -->
</testng-results>
